# JRE version: OpenJDK Runtime Environment (11.0.11+9) (build 11.0.11+9-b60-7590822)
# Java VM: OpenJDK 64-Bit Server VM (11.0.11+9-b60-7590822, mixed mode, tiered, compressed oops, g1 gc, windows-amd64)
Heap:
 garbage-first heap   total 432128K, used 239202K [0x0000000080000000, 0x0000000100000000)
  region size 1024K, 2 young (2048K), 2 survivors (2048K)
 Metaspace       used 112126K, capacity 114768K, committed 114984K, reserved 1148928K
  class space    used 14173K, capacity 15153K, committed 15308K, reserved 1048576K
GC Heap History (20 events):
Event: 17.987 GC heap after
{Heap after GC invocations=26 (full 0):
 garbage-first heap   total 262144K, used 206848K [0x0000000080000000, 0x0000000100000000)
  region size 1024K, 4 young (4096K), 4 survivors (4096K)
 Metaspace       used 111958K, capacity 114569K, committed 114984K, reserved 1148928K
  class space    used 14173K, capacity 15153K, committed 15308K, reserved 1048576K
}
Event: 18.018 GC heap before
{Heap before GC invocations=26 (full 0):
 garbage-first heap   total 262144K, used 219136K [0x0000000080000000, 0x0000000100000000)
  region size 1024K, 16 young (16384K), 4 survivors (4096K)
 Metaspace       used 111965K, capacity 114569K, committed 114984K, reserved 1148928K
  class space    used 14173K, capacity 15153K, committed 15308K, reserved 1048576K
}
Event: 18.024 GC heap after
{Heap after GC invocations=27 (full 0):
 garbage-first heap   total 262144K, used 212480K [0x0000000080000000, 0x0000000100000000)
  region size 1024K, 2 young (2048K), 2 survivors (2048K)
 Metaspace       used 111965K, capacity 114569K, committed 114984K, reserved 1148928K
  class space    used 14173K, capacity 15153K, committed 15308K, reserved 1048576K
}
Event: 18.178 GC heap before
{Heap before GC invocations=27 (full 0):
 garbage-first heap   total 262144K, used 222720K [0x0000000080000000, 0x0000000100000000)
  region size 1024K, 12 young (12288K), 2 survivors (2048K)
 Metaspace       used 112066K, capacity 114639K, committed 114984K, reserved 1148928K
  class space    used 14173K, capacity 15153K, committed 15308K, reserved 1048576K
}
Event: 18.182 GC heap after
{Heap after GC invocations=28 (full 0):
 garbage-first heap   total 262144K, used 214016K [0x0000000080000000, 0x0000000100000000)
  region size 1024K, 1 young (1024K), 1 survivors (1024K)
 Metaspace       used 112066K, capacity 114639K, committed 114984K, reserved 1148928K
  class space    used 14173K, capacity 15153K, committed 15308K, reserved 1048576K
}
Event: 18.317 GC heap before
{Heap before GC invocations=29 (full 0):
 garbage-first heap   total 262144K, used 225280K [0x0000000080000000, 0x0000000100000000)
  region size 1024K, 12 young (12288K), 1 survivors (1024K)
 Metaspace       used 112091K, capacity 114704K, committed 114984K, reserved 1148928K
  class space    used 14173K, capacity 15153K, committed 15308K, reserved 1048576K
}
Event: 18.321 GC heap after
{Heap after GC invocations=30 (full 0):
 garbage-first heap   total 262144K, used 218700K [0x0000000080000000, 0x0000000100000000)
  region size 1024K, 2 young (2048K), 2 survivors (2048K)
 Metaspace       used 112091K, capacity 114704K, committed 114984K, reserved 1148928K
  class space    used 14173K, capacity 15153K, committed 15308K, reserved 1048576K
}
Event: 18.356 GC heap before
{Heap before GC invocations=30 (full 0):
 garbage-first heap   total 262144K, used 228940K [0x0000000080000000, 0x0000000100000000)
  region size 1024K, 12 young (12288K), 2 survivors (2048K)
 Metaspace       used 112091K, capacity 114704K, committed 114984K, reserved 1148928K
  class space    used 14173K, capacity 15153K, committed 15308K, reserved 1048576K
}
Event: 18.362 GC heap after
{Heap after GC invocations=31 (full 0):
 garbage-first heap   total 262144K, used 229369K [0x0000000080000000, 0x0000000100000000)
  region size 1024K, 2 young (2048K), 2 survivors (2048K)
 Metaspace       used 112091K, capacity 114704K, committed 114984K, reserved 1148928K
  class space    used 14173K, capacity 15153K, committed 15308K, reserved 1048576K
}
Event: 18.396 GC heap before
{Heap before GC invocations=31 (full 0):
 garbage-first heap   total 262144K, used 238585K [0x0000000080000000, 0x0000000100000000)
  region size 1024K, 12 young (12288K), 2 survivors (2048K)
 Metaspace       used 112091K, capacity 114704K, committed 114984K, reserved 1148928K
  class space    used 14173K, capacity 15153K, committed 15308K, reserved 1048576K
}
Event: 18.401 GC heap after
{Heap after GC invocations=32 (full 0):
 garbage-first heap   total 262144K, used 239429K [0x0000000080000000, 0x0000000100000000)
  region size 1024K, 2 young (2048K), 2 survivors (2048K)
 Metaspace       used 112091K, capacity 114704K, committed 114984K, reserved 1148928K
  class space    used 14173K, capacity 15153K, committed 15308K, reserved 1048576K
}
Event: 18.432 GC heap before
{Heap before GC invocations=32 (full 0):
 garbage-first heap   total 262144K, used 249669K [0x0000000080000000, 0x0000000100000000)
  region size 1024K, 12 young (12288K), 2 survivors (2048K)
 Metaspace       used 112091K, capacity 114704K, committed 114984K, reserved 1148928K
  class space    used 14173K, capacity 15153K, committed 15308K, reserved 1048576K
}
Event: 18.438 GC heap after
{Heap after GC invocations=33 (full 0):
 garbage-first heap   total 262144K, used 247692K [0x0000000080000000, 0x0000000100000000)
  region size 1024K, 2 young (2048K), 2 survivors (2048K)
 Metaspace       used 112091K, capacity 114704K, committed 114984K, reserved 1148928K
  class space    used 14173K, capacity 15153K, committed 15308K, reserved 1048576K
}
Event: 18.494 GC heap before
{Heap before GC invocations=33 (full 0):
 garbage-first heap   total 262144K, used 257932K [0x0000000080000000, 0x0000000100000000)
  region size 1024K, 12 young (12288K), 2 survivors (2048K)
 Metaspace       used 112091K, capacity 114704K, committed 114984K, reserved 1148928K
  class space    used 14173K, capacity 15153K, committed 15308K, reserved 1048576K
}
Event: 18.502 GC heap after
{Heap after GC invocations=34 (full 0):
 garbage-first heap   total 268288K, used 256000K [0x0000000080000000, 0x0000000100000000)
  region size 1024K, 2 young (2048K), 2 survivors (2048K)
 Metaspace       used 112091K, capacity 114704K, committed 114984K, reserved 1148928K
  class space    used 14173K, capacity 15153K, committed 15308K, reserved 1048576K
}
Event: 18.524 GC heap before
{Heap before GC invocations=34 (full 0):
 garbage-first heap   total 268288K, used 267264K [0x0000000080000000, 0x0000000100000000)
  region size 1024K, 13 young (13312K), 2 survivors (2048K)
 Metaspace       used 112091K, capacity 114704K, committed 114984K, reserved 1148928K
  class space    used 14173K, capacity 15153K, committed 15308K, reserved 1048576K
}
Event: 18.533 GC heap after
{Heap after GC invocations=35 (full 0):
 garbage-first heap   total 278528K, used 264568K [0x0000000080000000, 0x0000000100000000)
  region size 1024K, 2 young (2048K), 2 survivors (2048K)
 Metaspace       used 112091K, capacity 114704K, committed 114984K, reserved 1148928K
  class space    used 14173K, capacity 15153K, committed 15308K, reserved 1048576K
}
Event: 18.579 GC heap before
{Heap before GC invocations=35 (full 0):
 garbage-first heap   total 278528K, used 275832K [0x0000000080000000, 0x0000000100000000)
  region size 1024K, 13 young (13312K), 2 survivors (2048K)
 Metaspace       used 112092K, capacity 114704K, committed 114984K, reserved 1148928K
  class space    used 14173K, capacity 15153K, committed 15308K, reserved 1048576K
}
Event: 18.584 GC heap after
{Heap after GC invocations=36 (full 0):
 garbage-first heap   total 281600K, used 268288K [0x0000000080000000, 0x0000000100000000)
  region size 1024K, 2 young (2048K), 2 survivors (2048K)
 Metaspace       used 112092K, capacity 114704K, committed 114984K, reserved 1148928K
  class space    used 14173K, capacity 15153K, committed 15308K, reserved 1048576K
}
Event: 18.804 GC heap before
{Heap before GC invocations=36 (full 0):
 garbage-first heap   total 281600K, used 243712K [0x0000000080000000, 0x0000000100000000)
  region size 1024K, 13 young (13312K), 2 survivors (2048K)
 Metaspace       used 112126K, capacity 114768K, committed 114984K, reserved 1148928K
  class space    used 14173K, capacity 15153K, committed 15308K, reserved 1048576K
}

