# JRE version: OpenJDK Runtime Environment (11.0.11+9) (build 11.0.11+9-b60-7590822)
# Java VM: OpenJDK 64-Bit Server VM (11.0.11+9-b60-7590822, mixed mode, tiered, compressed oops, g1 gc, windows-amd64)
Heap:
 garbage-first heap   total 584704K, used 284160K [0x0000000080000000, 0x0000000100000000)
  region size 1024K, 2 young (2048K), 2 survivors (2048K)
 Metaspace       used 126869K, capacity 130098K, committed 130268K, reserved 1163264K
  class space    used 15777K, capacity 16905K, committed 17024K, reserved 1048576K
GC Heap History (20 events):
Event: 273.939 GC heap after
{Heap after GC invocations=33 (full 0):
 garbage-first heap   total 262144K, used 209920K [0x0000000080000000, 0x0000000100000000)
  region size 1024K, 4 young (4096K), 4 survivors (4096K)
 Metaspace       used 126753K, capacity 130029K, committed 130268K, reserved 1163264K
  class space    used 15777K, capacity 16905K, committed 17024K, reserved 1048576K
}
Event: 273.968 GC heap before
{Heap before GC invocations=33 (full 0):
 garbage-first heap   total 262144K, used 220160K [0x0000000080000000, 0x0000000100000000)
  region size 1024K, 14 young (14336K), 4 survivors (4096K)
 Metaspace       used 126753K, capacity 130029K, committed 130268K, reserved 1163264K
  class space    used 15777K, capacity 16905K, committed 17024K, reserved 1048576K
}
Event: 273.977 GC heap after
{Heap after GC invocations=34 (full 0):
 garbage-first heap   total 262144K, used 218624K [0x0000000080000000, 0x0000000100000000)
  region size 1024K, 2 young (2048K), 2 survivors (2048K)
 Metaspace       used 126753K, capacity 130029K, committed 130268K, reserved 1163264K
  class space    used 15777K, capacity 16905K, committed 17024K, reserved 1048576K
}
Event: 274.024 GC heap before
{Heap before GC invocations=34 (full 0):
 garbage-first heap   total 262144K, used 228864K [0x0000000080000000, 0x0000000100000000)
  region size 1024K, 12 young (12288K), 2 survivors (2048K)
 Metaspace       used 126753K, capacity 130029K, committed 130268K, reserved 1163264K
  class space    used 15777K, capacity 16905K, committed 17024K, reserved 1048576K
}
Event: 274.031 GC heap after
{Heap after GC invocations=35 (full 0):
 garbage-first heap   total 262144K, used 226816K [0x0000000080000000, 0x0000000100000000)
  region size 1024K, 2 young (2048K), 2 survivors (2048K)
 Metaspace       used 126753K, capacity 130029K, committed 130268K, reserved 1163264K
  class space    used 15777K, capacity 16905K, committed 17024K, reserved 1048576K
}
Event: 274.080 GC heap before
{Heap before GC invocations=35 (full 0):
 garbage-first heap   total 262144K, used 237056K [0x0000000080000000, 0x0000000100000000)
  region size 1024K, 12 young (12288K), 2 survivors (2048K)
 Metaspace       used 126758K, capacity 130029K, committed 130268K, reserved 1163264K
  class space    used 15777K, capacity 16905K, committed 17024K, reserved 1048576K
}
Event: 274.086 GC heap after
{Heap after GC invocations=36 (full 0):
 garbage-first heap   total 262144K, used 232238K [0x0000000080000000, 0x0000000100000000)
  region size 1024K, 2 young (2048K), 2 survivors (2048K)
 Metaspace       used 126758K, capacity 130029K, committed 130268K, reserved 1163264K
  class space    used 15777K, capacity 16905K, committed 17024K, reserved 1048576K
}
Event: 274.215 GC heap before
{Heap before GC invocations=36 (full 0):
 garbage-first heap   total 262144K, used 242478K [0x0000000080000000, 0x0000000100000000)
  region size 1024K, 12 young (12288K), 2 survivors (2048K)
 Metaspace       used 126839K, capacity 130097K, committed 130268K, reserved 1163264K
  class space    used 15777K, capacity 16905K, committed 17024K, reserved 1048576K
}
Event: 274.218 GC heap after
{Heap after GC invocations=37 (full 0):
 garbage-first heap   total 262144K, used 234069K [0x0000000080000000, 0x0000000100000000)
  region size 1024K, 2 young (2048K), 2 survivors (2048K)
 Metaspace       used 126839K, capacity 130097K, committed 130268K, reserved 1163264K
  class space    used 15777K, capacity 16905K, committed 17024K, reserved 1048576K
}
Event: 274.336 GC heap before
{Heap before GC invocations=38 (full 0):
 garbage-first heap   total 262144K, used 244309K [0x0000000080000000, 0x0000000100000000)
  region size 1024K, 12 young (12288K), 2 survivors (2048K)
 Metaspace       used 126869K, capacity 130098K, committed 130268K, reserved 1163264K
  class space    used 15777K, capacity 16905K, committed 17024K, reserved 1048576K
}
Event: 274.339 GC heap after
{Heap after GC invocations=39 (full 0):
 garbage-first heap   total 262144K, used 236229K [0x0000000080000000, 0x0000000100000000)
  region size 1024K, 2 young (2048K), 2 survivors (2048K)
 Metaspace       used 126869K, capacity 130098K, committed 130268K, reserved 1163264K
  class space    used 15777K, capacity 16905K, committed 17024K, reserved 1048576K
}
Event: 274.368 GC heap before
{Heap before GC invocations=39 (full 0):
 garbage-first heap   total 262144K, used 246469K [0x0000000080000000, 0x0000000100000000)
  region size 1024K, 12 young (12288K), 2 survivors (2048K)
 Metaspace       used 126869K, capacity 130098K, committed 130268K, reserved 1163264K
  class space    used 15777K, capacity 16905K, committed 17024K, reserved 1048576K
}
Event: 274.379 GC heap after
{Heap after GC invocations=40 (full 0):
 garbage-first heap   total 262144K, used 242272K [0x0000000080000000, 0x0000000100000000)
  region size 1024K, 2 young (2048K), 2 survivors (2048K)
 Metaspace       used 126869K, capacity 130098K, committed 130268K, reserved 1163264K
  class space    used 15777K, capacity 16905K, committed 17024K, reserved 1048576K
}
Event: 274.412 GC heap before
{Heap before GC invocations=40 (full 0):
 garbage-first heap   total 262144K, used 251488K [0x0000000080000000, 0x0000000100000000)
  region size 1024K, 12 young (12288K), 2 survivors (2048K)
 Metaspace       used 126869K, capacity 130098K, committed 130268K, reserved 1163264K
  class space    used 15777K, capacity 16905K, committed 17024K, reserved 1048576K
}
Event: 274.418 GC heap after
{Heap after GC invocations=41 (full 0):
 garbage-first heap   total 266240K, used 253933K [0x0000000080000000, 0x0000000100000000)
  region size 1024K, 2 young (2048K), 2 survivors (2048K)
 Metaspace       used 126869K, capacity 130098K, committed 130268K, reserved 1163264K
  class space    used 15777K, capacity 16905K, committed 17024K, reserved 1048576K
}
Event: 274.435 GC heap before
{Heap before GC invocations=41 (full 0):
 garbage-first heap   total 266240K, used 265197K [0x0000000080000000, 0x0000000100000000)
  region size 1024K, 13 young (13312K), 2 survivors (2048K)
 Metaspace       used 126869K, capacity 130098K, committed 130268K, reserved 1163264K
  class space    used 15777K, capacity 16905K, committed 17024K, reserved 1048576K
}
Event: 274.445 GC heap after
{Heap after GC invocations=42 (full 0):
 garbage-first heap   total 279552K, used 266209K [0x0000000080000000, 0x0000000100000000)
  region size 1024K, 2 young (2048K), 2 survivors (2048K)
 Metaspace       used 126869K, capacity 130098K, committed 130268K, reserved 1163264K
  class space    used 15777K, capacity 16905K, committed 17024K, reserved 1048576K
}
Event: 274.465 GC heap before
{Heap before GC invocations=42 (full 0):
 garbage-first heap   total 279552K, used 277473K [0x0000000080000000, 0x0000000100000000)
  region size 1024K, 13 young (13312K), 2 survivors (2048K)
 Metaspace       used 126869K, capacity 130098K, committed 130268K, reserved 1163264K
  class space    used 15777K, capacity 16905K, committed 17024K, reserved 1048576K
}
Event: 274.475 GC heap after
{Heap after GC invocations=43 (full 0):
 garbage-first heap   total 291840K, used 278528K [0x0000000080000000, 0x0000000100000000)
  region size 1024K, 2 young (2048K), 2 survivors (2048K)
 Metaspace       used 126869K, capacity 130098K, committed 130268K, reserved 1163264K
  class space    used 15777K, capacity 16905K, committed 17024K, reserved 1048576K
}
Event: 274.502 GC heap before
{Heap before GC invocations=43 (full 0):
 garbage-first heap   total 291840K, used 290816K [0x0000000080000000, 0x0000000100000000)
  region size 1024K, 14 young (14336K), 2 survivors (2048K)
 Metaspace       used 126869K, capacity 130098K, committed 130268K, reserved 1163264K
  class space    used 15777K, capacity 16905K, committed 17024K, reserved 1048576K
}

